<?xml version="1.0" encoding="UTF-8"?><testsuite errors="1" failures="0" name="ToolsQA" skipped="0" tests="4" time="77.93" timestamp="2021-07-01 03:31:59"><testcase name="Verify on entering data to all textfield"/><testcase name="Verify on empty all textfield"/><testcase name="Verify email textfield"><error message="Timed out after 5 seconds. Element not found&#10;For documentation on this error, please visit: http://seleniumhq.org/exceptions/no_such_element.html&#10;Build info: version: '3.141.5', revision: 'd54ebd709a', time: '2018-11-06T11:42:16'&#10;System info: host: 'DESKTOP-5S5DLJP', ip: '192.168.1.3', os.name: 'Windows 10', os.arch: 'amd64', os.version: '10.0', java.version: '1.8.0_181'&#10;Driver info: driver.version: unknown&#10;For documentation on this error, please visit: http://seleniumhq.org/exceptions/no_such_element.html&#10;Build info: version: '3.141.5', revision: 'd54ebd709a', time: '2018-11-06T11:42:16'&#10;System info: host: 'DESKTOP-5S5DLJP', ip: '192.168.1.3', os.name: 'Windows 10', os.arch: 'amd64', os.version: '10.0', java.version: '1.8.0_181'&#10;Driver info: driver.version: unknown" type="org.openqa.selenium.NoSuchElementException">Timed out after 5 seconds. Element not found
For documentation on this error, please visit: http://seleniumhq.org/exceptions/no_such_element.html
Build info: version: '3.141.5', revision: 'd54ebd709a', time: '2018-11-06T11:42:16'
System info: host: 'DESKTOP-5S5DLJP', ip: '192.168.1.3', os.name: 'Windows 10', os.arch: 'amd64', os.version: '10.0', java.version: '1.8.0_181'
Driver info: driver.version: unknown
For documentation on this error, please visit: http://seleniumhq.org/exceptions/no_such_element.html
Build info: version: '3.141.5', revision: 'd54ebd709a', time: '2018-11-06T11:42:16'
System info: host: 'DESKTOP-5S5DLJP', ip: '192.168.1.3', os.name: 'Windows 10', os.arch: 'amd64', os.version: '10.0', java.version: '1.8.0_181'
Driver info: driver.version: unknown</error><system-err>Timed out after 5 seconds. Element not found
For documentation on this error, please visit: http://seleniumhq.org/exceptions/no_such_element.html
Build info: version: '3.141.5', revision: 'd54ebd709a', time: '2018-11-06T11:42:16'
System info: host: 'DESKTOP-5S5DLJP', ip: '192.168.1.3', os.name: 'Windows 10', os.arch: 'amd64', os.version: '10.0', java.version: '1.8.0_181'
Driver info: driver.version: unknown
For documentation on this error, please visit: http://seleniumhq.org/exceptions/no_such_element.html
Build info: version: '3.141.5', revision: 'd54ebd709a', time: '2018-11-06T11:42:16'
System info: host: 'DESKTOP-5S5DLJP', ip: '192.168.1.3', os.name: 'Windows 10', os.arch: 'amd64', os.version: '10.0', java.version: '1.8.0_181'
Driver info: driver.version: unknown&#13;
Pages.TextBoxPage.emailError(TextBoxPage.java:32)&#13;
Serenity.TextBoxSerenity.emailError(TextBoxSerenity.java:28)&#13;
Steps.TextBoxStepdefs.enterAllDataButEmailTextfieldIncorrectFormat(TextBoxStepdefs.java:48)&#13;
✽.Enter all data but email textfield incorrect format(src/test/resources/feature/TextBox.feature:27)&#13;
</system-err></testcase><testcase name="Verify fullName textfield"/></testsuite>